<?xml version="1.0" encoding="UTF-8"?>
<!-- Generated by org.testng.reporters.JUnitReportReporter -->
<testsuite hostname="MIDHUNA" failures="0" tests="1" name="executeClass.CustomersPageTestClass" time="13.617" errors="0" timestamp="2023-02-16T09:39:22 IST" skipped="0">
  <testcase classname="executeClass.CustomersPageTestClass" name="verifyToAddaNewCustomer" time="13.617"/>
  <system-out/>
</testsuite> <!-- executeClass.CustomersPageTestClass -->
