<?xml version="1.0" encoding="UTF-8"?>
<!-- Generated by org.testng.reporters.JUnitReportReporter -->
<testsuite hostname="MIDHUNA" failures="0" tests="2" name="executeClass.ExpensePageTestClass" time="23.318" errors="0" timestamp="2023-02-25T12:17:46 IST" skipped="0">
  <testcase classname="executeClass.ExpensePageTestClass" name="verifyExpensePageIsVisibleByClickingnExpenseTab" time="12.319"/>
  <system-out/>
  <testcase classname="executeClass.ExpensePageTestClass" name="verifyAddExpenseButtonIsVisibleOrNot" time="10.999"/>
  <system-out/>
</testsuite> <!-- executeClass.ExpensePageTestClass -->
