<?xml version="1.0" encoding="UTF-8"?>
<!-- Generated by org.testng.reporters.JUnitReportReporter -->
<testsuite hostname="MIDHUNA" failures="0" tests="5" name="executeClass.WaitersPageTestClass" time="65.482" errors="0" timestamp="2023-02-25T12:17:46 IST" skipped="0">
  <testcase classname="executeClass.WaitersPageTestClass" name="verifyWaitersPageIsVisibleByClickingOnWaiterOnPeopleTab" time="11.840"/>
  <system-out/>
  <testcase classname="executeClass.WaitersPageTestClass" name="verifyAddWaiterButtonIsVisibleOrNot" time="12.629"/>
  <system-out/>
  <testcase classname="executeClass.WaitersPageTestClass" name="verifyToAddaNewWaiter" time="17.606"/>
  <system-out/>
  <testcase classname="executeClass.WaitersPageTestClass" name="verifyToSearchAWaiterByUsingNAme" time="11.299"/>
  <system-out/>
  <testcase classname="executeClass.WaitersPageTestClass" name="verifyToSearchAWaiterByUsingMobileNumber" time="12.108"/>
  <system-out/>
</testsuite> <!-- executeClass.WaitersPageTestClass -->
