<?xml version="1.0" encoding="UTF-8"?>
<!-- Generated by org.testng.reporters.JUnitReportReporter -->
<testsuite hostname="MIDHUNA" failures="0" tests="3" name="executeClass.HomePageTestClass" time="29.458" errors="0" timestamp="2023-02-25T12:17:46 IST" skipped="0">
  <testcase classname="executeClass.HomePageTestClass" name="verifyProductTabIsDisplayedorNot" time="9.652"/>
  <system-out/>
  <testcase classname="executeClass.HomePageTestClass" name="verifyD4StoreIsDisplayedorNot" time="9.350"/>
  <system-out/>
  <testcase classname="executeClass.HomePageTestClass" name="verifyLogOutButtonIsClickableOrNot" time="10.456"/>
  <system-out/>
</testsuite> <!-- executeClass.HomePageTestClass -->
