<?xml version="1.0" encoding="UTF-8"?>
<!-- Generated by org.testng.reporters.JUnitReportReporter -->
<testsuite hostname="MIDHUNA" failures="0" tests="5" name="executeClass.CustomersPageTestClass" time="65.613" errors="0" timestamp="2023-02-25T12:17:46 IST" skipped="0">
  <testcase classname="executeClass.CustomersPageTestClass" name="verifyCustomersPageIsVisibleByClickingOnCutomerOnPeopleTab" time="12.416"/>
  <system-out/>
  <testcase classname="executeClass.CustomersPageTestClass" name="verifyAddCustomerButtonIsVisibleOrNot" time="12.977"/>
  <system-out/>
  <testcase classname="executeClass.CustomersPageTestClass" name="verifyToAddaNewCustomer" time="15.480"/>
  <system-out/>
  <testcase classname="executeClass.CustomersPageTestClass" name="verifyToSearchACustomerByUsingNAme" time="12.327"/>
  <system-out/>
  <testcase classname="executeClass.CustomersPageTestClass" name="verifyToSearchACustomerByUsingMobileNumber" time="12.413"/>
  <system-out/>
</testsuite> <!-- executeClass.CustomersPageTestClass -->
