<?xml version="1.0" encoding="UTF-8"?>
<!-- Generated by org.testng.reporters.JUnitReportReporter -->
<testsuite hostname="MIDHUNA" failures="0" tests="4" name="executeClass.StoresPageTestClass" time="51.942" errors="0" timestamp="2023-02-25T12:17:46 IST" skipped="0">
  <testcase classname="executeClass.StoresPageTestClass" name="verifyStoresPageIsVisibleByClickingStoresTab" time="11.927"/>
  <system-out/>
  <testcase classname="executeClass.StoresPageTestClass" name="verifyToCreateANewStore" time="15.301"/>
  <system-out/>
  <testcase classname="executeClass.StoresPageTestClass" name="verifyStoreNameSearchByUsingStoreName" time="12.564"/>
  <system-out/>
  <testcase classname="executeClass.StoresPageTestClass" name="verifyAddStoreButtonisVisibleOrNot" time="12.150"/>
  <system-out/>
</testsuite> <!-- executeClass.StoresPageTestClass -->
