<?xml version="1.0" encoding="UTF-8"?>
<!-- Generated by org.testng.reporters.JUnitReportReporter -->
<testsuite hostname="MIDHUNA" failures="0" tests="1" name="executeClass.SalesPageTestClass" time="10.292" errors="0" timestamp="2023-02-16T02:36:24 IST" skipped="0">
  <testcase classname="executeClass.SalesPageTestClass" name="verifyWaitersPageIsVisibleByClickingOnWaiterOnPeopleTab" time="10.292"/>
  <system-out/>
</testsuite> <!-- executeClass.SalesPageTestClass -->
