<?xml version="1.0" encoding="UTF-8"?>
<!-- Generated by org.testng.reporters.JUnitReportReporter -->
<testsuite hostname="MIDHUNA" failures="0" tests="1" name="executeClass.ProductPageTestClass" time="20.770" errors="0" timestamp="2023-02-16T17:35:01 IST" skipped="0">
  <testcase classname="executeClass.ProductPageTestClass" name="verifyProductPageIsOpenedWhileClickingProductTab" time="20.770"/>
  <system-out/>
</testsuite> <!-- executeClass.ProductPageTestClass -->
