<?xml version="1.0" encoding="UTF-8"?>
<!-- Generated by org.testng.reporters.JUnitReportReporter -->
<testsuite hostname="MIDHUNA" failures="0" tests="6" name="executeClass.ProductPageTestClass" time="155.986" errors="0" timestamp="2023-02-15T22:59:16 IST" skipped="0">
  <testcase classname="executeClass.ProductPageTestClass" name="verifyProductPageIsOpenedWhileClickingProductTab" time="21.790"/>
  <system-out/>
  <testcase classname="executeClass.ProductPageTestClass" name="verifyAddNewProduct" time="31.755"/>
  <system-out/>
  <testcase classname="executeClass.ProductPageTestClass" name="verifySearchFunctionalityUsingProductName" time="17.599"/>
  <system-out/>
  <testcase classname="executeClass.ProductPageTestClass" name="verifySearchFunctionalityUsingProductCode" time="19.112"/>
  <system-out/>
  <testcase classname="executeClass.ProductPageTestClass" name="verifyEditFunctionalityOfProduct" time="34.099"/>
  <system-out/>
  <testcase classname="executeClass.ProductPageTestClass" name="verifyDeleteFunctionalityOfProduct" time="31.631"/>
  <system-out/>
</testsuite> <!-- executeClass.ProductPageTestClass -->
