<?xml version="1.0" encoding="UTF-8"?>
<!-- Generated by org.testng.reporters.JUnitReportReporter -->
<testsuite hostname="MIDHUNA" failures="0" tests="6" name="executeClass.LoginPageTestClass" time="58.442" errors="0" timestamp="2023-02-26T23:43:18 IST" skipped="0">
  <testcase classname="executeClass.LoginPageTestClass" name="verifyTheLoginPageIsLoadedWhileHittingTheUrl" time="9.607"/>
  <system-out/>
  <testcase classname="executeClass.LoginPageTestClass" name="verifyTheRestaurantLogoIsDispalyed" time="8.414"/>
  <system-out/>
  <testcase classname="executeClass.LoginPageTestClass" name="verifySuccessFullLogin" time="17.501"/>
  <system-out/>
  <testcase classname="executeClass.LoginPageTestClass" name="verifyUnSuccessFullLogin" time="5.077"/>
  <system-out/>
  <testcase classname="executeClass.LoginPageTestClass" name="verifyUnSuccessFullLogin" time="8.963"/>
  <system-out/>
  <testcase classname="executeClass.LoginPageTestClass" name="verifyUnSuccessFullLogin" time="8.880"/>
  <system-out/>
</testsuite> <!-- executeClass.LoginPageTestClass -->
