<?xml version="1.0" encoding="UTF-8"?>
<!-- Generated by org.testng.reporters.JUnitReportReporter -->
<testsuite hostname="MIDHUNA" failures="0" tests="4" name="executeClass.StoresPageTestClass" time="43.193" errors="0" timestamp="2023-02-16T00:35:25 IST" skipped="0">
  <testcase classname="executeClass.StoresPageTestClass" name="verifyStoresPageIsVisibleByClickingStoresTab" time="9.359"/>
  <system-out/>
  <testcase classname="executeClass.StoresPageTestClass" name="verifyToCreateANewStore" time="13.837"/>
  <system-out/>
  <testcase classname="executeClass.StoresPageTestClass" name="verifyStoreNameSearchByUsingStoreName" time="8.747"/>
  <system-out/>
  <testcase classname="executeClass.StoresPageTestClass" name="verifyAddStoreButtonisVisibleOrNot" time="11.250"/>
  <system-out/>
</testsuite> <!-- executeClass.StoresPageTestClass -->
