<?xml version="1.0" encoding="UTF-8"?>
<!-- Generated by org.testng.reporters.JUnitReportReporter -->
<testsuite hostname="MIDHUNA" failures="0" tests="1" name="executeClass.WaitersPageTestClass" time="13.370" errors="0" timestamp="2023-02-16T02:21:31 IST" skipped="0">
  <testcase classname="executeClass.WaitersPageTestClass" name="verifyToSearchAWaiterByUsingMobileNumber" time="13.370"/>
  <system-out/>
</testsuite> <!-- executeClass.WaitersPageTestClass -->
