<?xml version="1.0" encoding="UTF-8"?>
<!-- Generated by org.testng.reporters.JUnitReportReporter -->
<testsuite hostname="MIDHUNA" failures="0" tests="1" name="executeClass.SalesPageTestClass" time="10.361" errors="0" timestamp="2023-02-25T12:17:46 IST" skipped="0">
  <testcase classname="executeClass.SalesPageTestClass" name="verifyWaitersPageIsVisibleByClickingOnWaiterOnPeopleTab" time="10.361"/>
  <system-out/>
</testsuite> <!-- executeClass.SalesPageTestClass -->
