<?xml version="1.0" encoding="UTF-8"?>
<!-- Generated by org.testng.reporters.JUnitReportReporter -->
<testsuite hostname="MIDHUNA" failures="0" tests="1" name="executeClass.ExpensePageTestClass" time="10.105" errors="0" timestamp="2023-02-16T02:54:48 IST" skipped="0">
  <testcase classname="executeClass.ExpensePageTestClass" name="verifyExpensePageIsVisibleByClickingnExpenseTab" time="10.105"/>
  <system-out/>
</testsuite> <!-- executeClass.ExpensePageTestClass -->
