<?xml version="1.0" encoding="UTF-8"?>
<!-- Generated by org.testng.reporters.JUnitReportReporter -->
<testsuite hostname="MIDHUNA" failures="0" tests="6" name="executeClass.LoginPageTestClass" time="39.331" errors="0" timestamp="2023-02-13T23:40:01 IST" skipped="0">
  <testcase classname="executeClass.LoginPageTestClass" name="verifyTheLoginPageIsLoadedWhileHittingTheUrl" time="8.428"/>
  <system-out/>
  <testcase classname="executeClass.LoginPageTestClass" name="verifyTheRestaurantLogoIsDispalyed" time="4.316"/>
  <system-out/>
  <testcase classname="executeClass.LoginPageTestClass" name="verifySuccessFullLogin" time="9.992"/>
  <system-out/>
  <testcase classname="executeClass.LoginPageTestClass" name="verifyUnSuccessFullLogin" time="5.189"/>
  <system-out/>
  <testcase classname="executeClass.LoginPageTestClass" name="verifyUnSuccessFullLogin" time="5.824"/>
  <system-out/>
  <testcase classname="executeClass.LoginPageTestClass" name="verifyUnSuccessFullLogin" time="5.582"/>
  <system-out/>
</testsuite> <!-- executeClass.LoginPageTestClass -->
