<?xml version="1.0" encoding="UTF-8"?>
<!-- Generated by org.testng.reporters.JUnitReportReporter -->
<testsuite hostname="MIDHUNA" failures="0" tests="6" name="executeClass.ProductPageTestClass" time="323.629" errors="0" timestamp="2023-02-28T14:16:32 IST" skipped="0">
  <testcase classname="executeClass.ProductPageTestClass" name="verifyProductPageIsOpenedWhileClickingProductTab" time="36.422"/>
  <system-out/>
  <testcase classname="executeClass.ProductPageTestClass" name="verifyAddNewProduct" time="50.281"/>
  <system-out/>
  <testcase classname="executeClass.ProductPageTestClass" name="verifySearchFunctionalityUsingProductName" time="26.942"/>
  <system-out/>
  <testcase classname="executeClass.ProductPageTestClass" name="verifySearchFunctionalityUsingProductCode" time="36.453"/>
  <system-out/>
  <testcase classname="executeClass.ProductPageTestClass" name="verifyEditFunctionalityOfProduct" time="113.603"/>
  <system-out/>
  <testcase classname="executeClass.ProductPageTestClass" name="verifyDeleteFunctionalityOfProduct" time="59.928"/>
  <system-out/>
</testsuite> <!-- executeClass.ProductPageTestClass -->
